#! /opt/homebrew/Cellar/icarus-verilog/12.0/bin/vvp
:ivl_version "12.0 (stable)";
:ivl_delay_selection "TYPICAL";
:vpi_time_precision + 0;
:vpi_module "/opt/homebrew/Cellar/icarus-verilog/12.0/lib/ivl/system.vpi";
:vpi_module "/opt/homebrew/Cellar/icarus-verilog/12.0/lib/ivl/vhdl_sys.vpi";
:vpi_module "/opt/homebrew/Cellar/icarus-verilog/12.0/lib/ivl/vhdl_textio.vpi";
:vpi_module "/opt/homebrew/Cellar/icarus-verilog/12.0/lib/ivl/v2005_math.vpi";
:vpi_module "/opt/homebrew/Cellar/icarus-verilog/12.0/lib/ivl/va_math.vpi";
S_0x145904f60 .scope module, "alu32" "alu32" 2 1;
 .timescale 0 0;
    .port_info 0 /OUTPUT 32 "Result";
    .port_info 1 /INPUT 32 "A";
    .port_info 2 /INPUT 32 "B";
    .port_info 3 /INPUT 3 "ALUOp";
    .port_info 4 /OUTPUT 1 "Zero";
    .port_info 5 /OUTPUT 1 "Overflow";
    .port_info 6 /OUTPUT 1 "GreaterThanZero";
o0x138018010 .functor BUFZ 32, C4<zzzzzzzzzzzzzzzzzzzzzzzzzzzzzzzz>; HiZ drive
v0x14590f350_0 .net "A", 31 0, o0x138018010;  0 drivers
o0x138018040 .functor BUFZ 3, C4<zzz>; HiZ drive
v0x14591ef80_0 .net "ALUOp", 2 0, o0x138018040;  0 drivers
o0x138018070 .functor BUFZ 32, C4<zzzzzzzzzzzzzzzzzzzzzzzzzzzzzzzz>; HiZ drive
v0x14591f020_0 .net "B", 31 0, o0x138018070;  0 drivers
v0x14591f0d0_0 .var "GreaterThanZero", 0 0;
v0x14591f170_0 .var "Overflow", 0 0;
v0x14591f250_0 .var "Result", 31 0;
v0x14591f300_0 .net "Zero", 0 0, L_0x14591f620;  1 drivers
L_0x138050010 .functor BUFT 1, C4<00000000000000000000000000000000>, C4<0>, C4<0>, C4<0>;
v0x14591f3a0_0 .net/2u *"_ivl_0", 31 0, L_0x138050010;  1 drivers
v0x14591f450_0 .var "less", 31 0;
E_0x145905810/0 .event anyedge, v0x14591ef80_0, v0x14590f350_0, v0x14591f020_0, v0x14591f250_0;
E_0x145905810/1 .event anyedge, v0x14591f450_0;
E_0x145905810 .event/or E_0x145905810/0, E_0x145905810/1;
L_0x14591f620 .cmp/eq 32, v0x14591f250_0, L_0x138050010;
    .scope S_0x145904f60;
T_0 ;
    %wait E_0x145905810;
    %pushi/vec4 0, 0, 1;
    %store/vec4 v0x14591f170_0, 0, 1;
    %pushi/vec4 0, 0, 1;
    %store/vec4 v0x14591f0d0_0, 0, 1;
    %load/vec4 v0x14591ef80_0;
    %dup/vec4;
    %pushi/vec4 2, 0, 3;
    %cmp/u;
    %jmp/1 T_0.0, 6;
    %dup/vec4;
    %pushi/vec4 6, 0, 3;
    %cmp/u;
    %jmp/1 T_0.1, 6;
    %dup/vec4;
    %pushi/vec4 7, 0, 3;
    %cmp/u;
    %jmp/1 T_0.2, 6;
    %dup/vec4;
    %pushi/vec4 0, 0, 3;
    %cmp/u;
    %jmp/1 T_0.3, 6;
    %dup/vec4;
    %pushi/vec4 1, 0, 3;
    %cmp/u;
    %jmp/1 T_0.4, 6;
    %dup/vec4;
    %pushi/vec4 5, 0, 3;
    %cmp/u;
    %jmp/1 T_0.5, 6;
    %pushi/vec4 0, 0, 32;
    %store/vec4 v0x14591f250_0, 0, 32;
    %jmp T_0.7;
T_0.0 ;
    %load/vec4 v0x14590f350_0;
    %parti/s 1, 31, 6;
    %load/vec4 v0x14590f350_0;
    %concat/vec4; draw_concat_vec4
    %load/vec4 v0x14591f020_0;
    %parti/s 1, 31, 6;
    %load/vec4 v0x14591f020_0;
    %concat/vec4; draw_concat_vec4
    %add;
    %split/vec4 32;
    %store/vec4 v0x14591f250_0, 0, 32;
    %store/vec4 v0x14591f170_0, 0, 1;
    %load/vec4 v0x14590f350_0;
    %parti/s 1, 31, 6;
    %load/vec4 v0x14591f020_0;
    %parti/s 1, 31, 6;
    %cmp/e;
    %flag_get/vec4 4;
    %jmp/0 T_0.8, 4;
    %load/vec4 v0x14591f250_0;
    %parti/s 1, 31, 6;
    %load/vec4 v0x14590f350_0;
    %parti/s 1, 31, 6;
    %cmp/ne;
    %flag_get/vec4 4;
    %and;
T_0.8;
    %store/vec4 v0x14591f170_0, 0, 1;
    %pushi/vec4 0, 0, 32;
    %load/vec4 v0x14590f350_0;
    %cmp/u;
    %flag_get/vec4 5;
    %store/vec4 v0x14591f0d0_0, 0, 1;
    %jmp T_0.7;
T_0.1 ;
    %load/vec4 v0x14590f350_0;
    %parti/s 1, 31, 6;
    %load/vec4 v0x14590f350_0;
    %concat/vec4; draw_concat_vec4
    %load/vec4 v0x14591f020_0;
    %parti/s 1, 31, 6;
    %load/vec4 v0x14591f020_0;
    %concat/vec4; draw_concat_vec4
    %sub;
    %split/vec4 32;
    %store/vec4 v0x14591f250_0, 0, 32;
    %store/vec4 v0x14591f170_0, 0, 1;
    %load/vec4 v0x14590f350_0;
    %parti/s 1, 31, 6;
    %load/vec4 v0x14591f020_0;
    %parti/s 1, 31, 6;
    %cmp/ne;
    %flag_get/vec4 4;
    %jmp/0 T_0.9, 4;
    %load/vec4 v0x14591f250_0;
    %parti/s 1, 31, 6;
    %load/vec4 v0x14590f350_0;
    %parti/s 1, 31, 6;
    %cmp/ne;
    %flag_get/vec4 4;
    %and;
T_0.9;
    %store/vec4 v0x14591f170_0, 0, 1;
    %jmp T_0.7;
T_0.2 ;
    %load/vec4 v0x14590f350_0;
    %addi 1, 0, 32;
    %load/vec4 v0x14591f020_0;
    %inv;
    %add;
    %store/vec4 v0x14591f450_0, 0, 32;
    %load/vec4 v0x14591f450_0;
    %parti/s 1, 31, 6;
    %flag_set/vec4 8;
    %jmp/0xz  T_0.10, 8;
    %pushi/vec4 1, 0, 32;
    %store/vec4 v0x14591f250_0, 0, 32;
    %jmp T_0.11;
T_0.10 ;
    %pushi/vec4 0, 0, 32;
    %store/vec4 v0x14591f250_0, 0, 32;
T_0.11 ;
    %jmp T_0.7;
T_0.3 ;
    %load/vec4 v0x14590f350_0;
    %load/vec4 v0x14591f020_0;
    %and;
    %store/vec4 v0x14591f250_0, 0, 32;
    %jmp T_0.7;
T_0.4 ;
    %load/vec4 v0x14590f350_0;
    %load/vec4 v0x14591f020_0;
    %or;
    %store/vec4 v0x14591f250_0, 0, 32;
    %jmp T_0.7;
T_0.5 ;
    %load/vec4 v0x14590f350_0;
    %load/vec4 v0x14591f020_0;
    %or;
    %inv;
    %store/vec4 v0x14591f250_0, 0, 32;
    %jmp T_0.7;
T_0.7 ;
    %pop/vec4 1;
    %jmp T_0;
    .thread T_0, $push;
# The file index is used to find the file name in the following table.
:file_names 3;
    "N/A";
    "<interactive>";
    "alu32.v";
